
Starting --servername theshire.nz --port 5665 --info "Home of the hobbits" --debug --verbose --log-file theshire.log rivendale.nz minastirith.nz
theshire.nz:Launching server theshire.nz...
Waiting... 0.5
theshire.nz:Configuring the server socket...
theshire.nz:Listening for new connections on port 5665

Starting --servername rivendale.nz --port 5777 --info "Elrond's House" --debug --verbose --log-file rivendale.log --connect_to_host theshire.nz --connect_to_port 5665
rivendale.nz:Launching server rivendale.nz...
rivendale.nz:Configuring the server socket...
Waiting... 0.5
rivendale.nz:Connecting to remote server theshire.nz:5665...
rivendale.nz:Listening for new connections on port 5777

Starting --servername minastirith.nz --port 5766 --info "Tower of Guard" --debug --verbose --log-file minastirith.log --connect_to_host theshire.nz --connect_to_port 5665 barad-dur.nz
minastirith.nz:Launching server minastirith.nz...
Waiting... 0.5
minastirith.nz:Configuring the server socket...

Starting --servername barad-dur.nz --port 2342 --info "the Dark Tower" --debug --verbose --log-file barad-dur.log --connect_to_host minastirith.nz --connect_to_port 5766
minastirith.nz:Connecting to remote server theshire.nz:5665...
barad-dur.nz:Launching server barad-dur.nz...
Waiting... 0.5
barad-dur.nz:Configuring the server socket...
minastirith.nz:Listening for new connections on port 5766
barad-dur.nz:Connecting to remote server minastirith.nz:5766...

Running client command: --source theshire.nz --destination rivendale.nz --message "First message"
Waiting... 0.5
barad-dur.nz:Listening for new connections on port 2342

Running client command: --source rivendale.nz --destination theshire.nz --message "Second message"
Waiting... 0.5

Running client command: --source minastirith.nz --destination theshire.nz --message "Third message"
Waiting... 0.5

Running client command: --source theshire.nz --destination minastirith.nz --message "Fourth message"
Waiting... 0.5

Running client command: --source barad-dur.nz --destination minastirith.nz --message "Fifth message"
Waiting... 0.5

Running client command: --source minastirith.nz --destination barad-dur.nz --message "Sixth message"
Waiting... 4
