
Starting --servername theshire.nz --port 5555 --info 'Home of the hobbits' --debug --verbose --log-file theshire.log
theshire.nz:Launching server theshire.nz...
theshire.nz:Configuring the server socket...
theshire.nz:Listening for new connections on port 5555

Starting --servername rivendale.nz --port 5556 --info 'Elronds House' --debug --verbose --log-file rivendale.log --connect_to_host theshire.nz --connect_to_port 5555
rivendale.nz:Launching server rivendale.nz...
rivendale.nz:Configuring the server socket...
rivendale.nz:Connecting to remote server theshire.nz:5555...
rivendale.nz:Listening for new connections on port 5556

Starting --servername minastirith.nz --port 5557 --info 'Tower of Guard' --debug --verbose --log-file minastirith.log --connect_to_host theshire.nz --connect_to_port 5555
minastirith.nz:Launching server minastirith.nz...
minastirith.nz:Configuring the server socket...
minastirith.nz:Connecting to remote server theshire.nz:5555...
minastirith.nz:Listening for new connections on port 5557

Starting --serverhost theshire.nz --serverport 5555 --nick samgamgee --hostname windows1 --realname 'Sam Gamgee' --debug --verbose --log-file samgamgee.log
theshire.nz:Launching client samgamgee@windows1...

Starting --serverhost rivendale.nz --serverport 5556 --nick elrond --hostname windows1 --realname 'Elrond Peredhel' --debug --verbose --log-file elrond.log
rivendale.nz:Launching client elrond@windows1...

Starting --serverhost theshire.nz --serverport 5555 --nick frodobaggins --hostname BrandyHall --realname 'Frodo Baggins' --debug --verbose --log-file frodobaggins.log
theshire.nz:Launching client frodobaggins@BrandyHall...

Starting --serverhost theshire.nz --serverport 5555 --nick pippintook --hostname Windows3 --realname 'Peregrin Took' --debug --verbose --log-file pippintook.log
theshire.nz:Launching client pippintook@Windows3...

Starting --serverhost minastirith.nz --serverport 5557 --nick denethor --hostname windows1 --realname 'Denethor, Steward of Gondor' --debug --verbose --log-file denethor.log
minastirith.nz:Launching client denethor@windows1...

Starting --serverhost minastirith.nz --serverport 5557 --nick aragorn --hostname windows1 --realname 'Aragorn II Elessar' --debug --verbose --log-file aragorn.log
minastirith.nz:Launching client aragorn@windows1...

Starting --serverhost theshire.nz --serverport 5555 --nick merrybrandybuck --hostname Windows3 --realname 'Meriadoc Brandybuck' --debug --verbose --log-file merrybrandybuck.log
theshire.nz:Launching client merrybrandybuck@Windows3...

Running client command: --nick frodobaggins --command JOIN #TheFellowship

Running client command: --nick samgamgee --command JOIN #TheFellowship

Running client command: --nick samgamgee --command NAMES #TheFellowship 

Running client command: --nick frodobaggins --command NAMES

Running client command: --nick aragorn --command JOIN #TheFellowship

Running client command: --nick elrond --command JOIN #RulersOfMiddleEarth

Running client command: --nick denethor --command JOIN #RulersOfMiddleEarth

Running client command: --nick aragorn --command JOIN #RulersOfMiddleEarth

Running client command: --nick aragorn --command NAMES #TheFellowship

Running client command: --nick aragorn --command NAMES #RulersOfMiddleEarth

Running client command: --nick denethor --command NAMES
