
Starting --servername theshire.nz --port 6213 --info "Home of the hobbits" --debug --verbose --log-file theshire.log
theshire.nz:Launching server theshire.nz...
Waiting... 0.5
theshire.nz:Configuring the server socket...
theshire.nz:Listening for new connections on port 6213

Starting --serverhost theshire.nz --serverport 6213 --nick samgamgee --hostname windows1 --realname 'Sam Gamgee' --debug --verbose --log-file samgamgee.log
theshire.nz:Launching client samgamgee@windows1...
Waiting... 0.5

Starting --serverhost theshire.nz --serverport 6213 --nick frodobaggins --hostname BrandyHall --realname 'Frodo Baggins' --debug --verbose --log-file frodobaggins.log
theshire.nz:Launching client frodobaggins@BrandyHall...
Waiting... 0.5

Starting --serverhost theshire.nz --serverport 6213 --nick pippintook --hostname Windows3 --realname 'Peregrin Took' --debug --verbose --log-file pippintook.log
theshire.nz:Launching client pippintook@Windows3...
Waiting... 0.5

Starting --serverhost theshire.nz --serverport 6213 --nick merrybrandybuck --hostname Windows3 --realname 'Meriadoc Brandybuck' --debug --verbose --log-file merrybrandybuck.log
theshire.nz:Launching client merrybrandybuck@Windows3...
Waiting... 0.5

Running client command: --nick samgamgee --command QUIT
Waiting... 0.5

Running client command: --nick frodobaggins --command QUIT "Leaving for the Undying Lands"
Waiting... 2.5
