
Starting --servername theshire.nz --port 34243 --info 'Home of the hobbits' --debug --verbose --log-file theshire.log
theshire.nz:Launching server theshire.nz...
Waiting... 0.5
theshire.nz:Configuring the server socket...
theshire.nz:Listening for new connections on port 34243

Starting --servername rivendale.nz --port 4633 --info 'Elrond's House' --debug --verbose --log-file rivendale.log --connect_to_host theshire.nz --connect_to_port 34243
rivendale.nz:Launching server rivendale.nz...
Waiting... 0.5
rivendale.nz:Configuring the server socket...
rivendale.nz:Connecting to remote server theshire.nz:34243...
rivendale.nz:Listening for new connections on port 4633

Starting --servername minastirith.nz --port 45234 --info 'Tower of Guard' --debug --verbose --log-file minastirith.log --connect_to_host theshire.nz --connect_to_port 34243
minastirith.nz:Launching server minastirith.nz...
Waiting... 0.5
minastirith.nz:Configuring the server socket...
minastirith.nz:Connecting to remote server theshire.nz:34243...
minastirith.nz:Listening for new connections on port 45234

Starting --servername barad-dur.nz --port 1231 --info 'the Dark Tower' --debug --verbose --log-file barad-dur.log --connect_to_host minastirith.nz --connect_to_port 45234
barad-dur.nz:Launching server barad-dur.nz...
Waiting... 4
barad-dur.nz:Configuring the server socket...
barad-dur.nz:Connecting to remote server minastirith.nz:45234...
barad-dur.nz:Listening for new connections on port 1231
