
Starting --servername theshire.nz --port 13412 --info "Home of the hobbits" --debug --verbose --log-file theshire.log
theshire.nz:Launching server theshire.nz...
Waiting... 0.5
theshire.nz:Configuring the server socket...
theshire.nz:Listening for new connections on port 13412

Starting --servername rivendale.nz --port 34521 --info "Elronds House" --debug --verbose --log-file rivendale.log --connect_to_host theshire.nz --connect_to_port 13412
rivendale.nz:Launching server rivendale.nz...
Waiting... 0.5
rivendale.nz:Configuring the server socket...
rivendale.nz:Connecting to remote server theshire.nz:13412...
rivendale.nz:Listening for new connections on port 34521

Starting --servername mirkwood.nz --port 7855 --info "Wood of Greenleaves" --debug --verbose --log-file mirkwood.log --connect_to_host rivendale.nz --connect_to_port 34521
mirkwood.nz:Launching server mirkwood.nz...
Waiting... 0.5
mirkwood.nz:Configuring the server socket...
mirkwood.nz:Connecting to remote server rivendale.nz:34521...
mirkwood.nz:Listening for new connections on port 7855

Starting --servername lothlorien.nz --port 7556 --info "The Golden Wood" --debug --verbose --log-file lothlorien.log --connect_to_host mirkwood.nz --connect_to_port 7855
lothlorien.nz:Launching server lothlorien.nz...
Waiting... 0.5
lothlorien.nz:Configuring the server socket...
lothlorien.nz:Connecting to remote server mirkwood.nz:7855...
lothlorien.nz:Listening for new connections on port 7556

Starting --servername isengard.nz --port 6443 --info "Orthanc" --debug --verbose --log-file isengard.log --connect_to_host rivendale.nz --connect_to_port 34521
isengard.nz:Launching server isengard.nz...
Waiting... 0.5
isengard.nz:Configuring the server socket...
isengard.nz:Connecting to remote server rivendale.nz:34521...
isengard.nz:Listening for new connections on port 6443

Starting --servername minastirith.nz --port 6432 --info "Tower of Guard' --debug --verbose --log-file minastirith.log --connect_to_host theshire.nz --connect_to_port 13412
minastirith.nz:Launching server minastirith.nz...
Waiting... 0.5
minastirith.nz:Configuring the server socket...
minastirith.nz:Connecting to remote server theshire.nz:13412...
minastirith.nz:Listening for new connections on port 6432

Starting --servername osgiliath.nz --port 8558 --info "Citadel of the Stars" --debug --verbose --log-file osgiliath.log --connect_to_host minastirith.nz --connect_to_port 6432
osgiliath.nz:Launching server osgiliath.nz...
Waiting... 0.5
osgiliath.nz:Configuring the server socket...
osgiliath.nz:Connecting to remote server minastirith.nz:6432...

Starting --servername barad-dur.nz --port 2363 --info "the Dark Tower" --debug --verbose --log-file barad-dur.log --connect_to_host minastirith.nz --connect_to_port 6432
barad-dur.nz:Launching server barad-dur.nz...
Waiting... 4
osgiliath.nz:Listening for new connections on port 8558
barad-dur.nz:Configuring the server socket...
barad-dur.nz:Connecting to remote server minastirith.nz:6432...
barad-dur.nz:Listening for new connections on port 2363
