
Starting --servername theshire.nz --port 5555 --info 'Home of the hobbits' --debug --verbose --log-file theshire.log
theshire.nz:Launching server theshire.nz...
theshire.nz:Configuring the server socket...
theshire.nz:Listening for new connections on port 5555

Starting --serverhost theshire.nz --serverport 5555 --nick samgamgee --hostname windows1 --realname 'Sam Gamgee' --debug --verbose --log-file samgamgee.log
theshire.nz:Launching client samgamgee@windows1...

Starting --serverhost theshire.nz --serverport 5555 --nick frodobaggins --hostname BrandyHall --realname 'Frodo Baggins' --debug --verbose --log-file frodobaggins.log
theshire.nz:Launching client frodobaggins@BrandyHall...

Running client command: --nick frodobaggins --command JOIN #TheFellowship

Running client command: --nick samgamgee --command JOIN #TheFellowship

Running client command: --nick frodobaggins --command TOPIC #TheFellowship "How do you cook potatoes?"

Starting --servername rivendale.nz --port 5556 --info 'Elronds House' --debug --verbose --log-file rivendale.log --connect_to_host theshire.nz --connect_to_port 5555
rivendale.nz:Launching server rivendale.nz...
rivendale.nz:Configuring the server socket...
rivendale.nz:Connecting to remote server theshire.nz:5555...
rivendale.nz:Listening for new connections on port 5556

Starting --servername minastirith.nz --port 5557 --info 'Tower of Guard' --debug --verbose --log-file minastirith.log --connect_to_host theshire.nz --connect_to_port 5555
minastirith.nz:Launching server minastirith.nz...
minastirith.nz:Configuring the server socket...

Starting --serverhost rivendale.nz --serverport 5556 --nick elrond --hostname windows1 --realname 'Elrond Peredhel' --debug --verbose --log-file elrond.log
minastirith.nz:Connecting to remote server theshire.nz:5555...
rivendale.nz:Launching client elrond@windows1...
minastirith.nz:Listening for new connections on port 5557

Starting --serverhost minastirith.nz --serverport 5557 --nick denethor --hostname windows1 --realname 'Denethor, Steward of Gondor' --debug --verbose --log-file denethor.log
minastirith.nz:Launching client denethor@windows1...
