2020-12-30 08:57:03,227 - IRCServer[8072] - INFO - Launching server mirkwood.nz...
2020-12-30 08:57:03,304 - IRCServer[8072] - INFO - Configuring the server socket...
2020-12-30 08:57:03,478 - IRCServer[8072] - INFO - Connecting to remote server rivendale.nz:34521...
2020-12-30 08:57:03,522 - IRCServer[8072] - DEBUG - Listening for new connections on port 7855
2020-12-30 08:57:03,748 - IRCServer[8072] - INFO - Launching server lothlorien.nz...
2020-12-30 08:57:03,854 - IRCServer[8072] - INFO - Configuring the server socket...
2020-12-30 08:57:03,932 - IRCServer[8072] - INFO - Connecting to remote server mirkwood.nz:7855...
2020-12-30 08:57:04,032 - IRCServer[8072] - DEBUG - Listening for new connections on port 7556
2020-12-30 08:57:04,312 - IRCServer[8072] - INFO - Launching server isengard.nz...
2020-12-30 08:57:04,398 - IRCServer[8072] - INFO - Configuring the server socket...
2020-12-30 08:57:04,562 - IRCServer[8072] - INFO - Connecting to remote server rivendale.nz:34521...
2020-12-30 08:57:04,649 - IRCServer[8072] - DEBUG - Listening for new connections on port 6443
2020-12-30 08:57:04,896 - IRCServer[8072] - INFO - Launching server minastirith.nz...
2020-12-30 08:57:05,099 - IRCServer[8072] - INFO - Configuring the server socket...
2020-12-30 08:57:05,236 - IRCServer[8072] - INFO - Connecting to remote server theshire.nz:13412...
2020-12-30 08:57:05,372 - IRCServer[8072] - DEBUG - Listening for new connections on port 6432
2020-12-30 08:57:05,468 - IRCServer[8072] - INFO - Launching server osgiliath.nz...
2020-12-30 08:57:05,612 - IRCServer[8072] - INFO - Configuring the server socket...
2020-12-30 08:57:05,892 - IRCServer[8072] - INFO - Connecting to remote server minastirith.nz:6432...
2020-12-30 08:57:06,031 - IRCServer[8072] - INFO - Launching server barad-dur.nz...
2020-12-30 08:57:06,049 - IRCServer[8072] - DEBUG - Listening for new connections on port 8558
2020-12-30 08:57:06,168 - IRCServer[8072] - INFO - Configuring the server socket...
2020-12-30 08:57:06,365 - IRCServer[8072] - INFO - Connecting to remote server minastirith.nz:6432...
2020-12-30 08:57:06,582 - IRCServer[8072] - DEBUG - Listening for new connections on port 2363
2020-12-30 08:57:12,218 - IRCServer[8072] - INFO - Launching server theshire.nz...
2020-12-30 08:57:12,220 - IRCServer[8072] - INFO - Configuring the server socket...
2020-12-30 08:57:12,221 - IRCServer[8072] - DEBUG - Listening for new connections on port 9315
2020-12-30 08:57:12,720 - IRCServer[8072] - INFO - Launching client samgamgee@windows1...
2020-12-30 08:57:16,725 - IRCServer[8072] - INFO - Launching server theshire.nz...
2020-12-30 08:57:16,725 - IRCServer[8072] - INFO - Configuring the server socket...
2020-12-30 08:57:16,725 - IRCServer[8072] - DEBUG - Listening for new connections on port 7426
2020-12-30 08:57:17,227 - IRCServer[8072] - INFO - Launching client samgamgee@windows1...
2020-12-30 08:57:17,731 - IRCServer[8072] - INFO - Launching client frodobaggins@BrandyHall...
2020-12-30 08:57:18,237 - IRCServer[8072] - INFO - Launching client pippintook@Windows3...
2020-12-30 08:57:18,745 - IRCServer[8072] - INFO - Launching client merrybrandybuck@Windows3...
2020-12-30 08:57:22,750 - IRCServer[8072] - INFO - Launching server theshire.nz...
2020-12-30 08:57:22,750 - IRCServer[8072] - INFO - Configuring the server socket...
2020-12-30 08:57:22,750 - IRCServer[8072] - DEBUG - Listening for new connections on port 8795
2020-12-30 08:57:23,252 - IRCServer[8072] - INFO - Launching server rivendale.nz...
2020-12-30 08:57:23,253 - IRCServer[8072] - INFO - Configuring the server socket...
2020-12-30 08:57:23,255 - IRCServer[8072] - INFO - Connecting to remote server theshire.nz:8795...
2020-12-30 08:57:23,257 - IRCServer[8072] - DEBUG - Listening for new connections on port 4237
2020-12-30 08:57:23,776 - IRCServer[8072] - INFO - Launching server minastirith.nz...
2020-12-30 08:57:23,836 - IRCServer[8072] - INFO - Configuring the server socket...
2020-12-30 08:57:23,926 - IRCServer[8072] - INFO - Connecting to remote server theshire.nz:8795...
2020-12-30 08:57:24,210 - IRCServer[8072] - DEBUG - Listening for new connections on port 21342
2020-12-30 08:57:24,280 - IRCServer[8072] - INFO - Launching client samgamgee@windows1...
2020-12-30 08:57:25,314 - IRCServer[8072] - INFO - Launching client elrond@windows1...
2020-12-30 08:57:26,420 - IRCServer[8072] - INFO - Launching client frodobaggins@BrandyHall...
2020-12-30 08:57:27,448 - IRCServer[8072] - INFO - Launching client pippintook@Windows3...
2020-12-30 08:57:28,498 - IRCServer[8072] - INFO - Launching client denethor@windows1...
2020-12-30 08:57:29,547 - IRCServer[8072] - INFO - Launching client aragorn@windows1...
2020-12-30 08:57:30,581 - IRCServer[8072] - INFO - Launching client merrybrandybuck@Windows3...
2020-12-30 08:57:34,676 - IRCServer[8072] - INFO - Launching server theshire.nz...
2020-12-30 08:57:34,676 - IRCServer[8072] - INFO - Configuring the server socket...
2020-12-30 08:57:34,677 - IRCServer[8072] - DEBUG - Listening for new connections on port 5555
2020-12-30 08:57:35,178 - IRCServer[8072] - INFO - Launching server rivendale.nz...
2020-12-30 08:57:35,180 - IRCServer[8072] - INFO - Configuring the server socket...
2020-12-30 08:57:35,181 - IRCServer[8072] - INFO - Connecting to remote server theshire.nz:5555...
2020-12-30 08:57:35,182 - IRCServer[8072] - DEBUG - Listening for new connections on port 5556
2020-12-30 08:57:35,714 - IRCServer[8072] - INFO - Launching server minastirith.nz...
2020-12-30 08:57:35,823 - IRCServer[8072] - INFO - Configuring the server socket...
2020-12-30 08:57:36,096 - IRCServer[8072] - INFO - Connecting to remote server theshire.nz:5555...
2020-12-30 08:57:36,229 - IRCServer[8072] - DEBUG - Listening for new connections on port 5557
2020-12-30 08:57:36,230 - IRCServer[8072] - INFO - Launching client samgamgee@windows1...
2020-12-30 08:57:37,327 - IRCServer[8072] - INFO - Launching client elrond@windows1...
2020-12-30 08:57:38,414 - IRCServer[8072] - INFO - Launching client frodobaggins@BrandyHall...
2020-12-30 08:57:39,452 - IRCServer[8072] - INFO - Launching client pippintook@Windows3...
2020-12-30 08:57:40,497 - IRCServer[8072] - INFO - Launching client denethor@windows1...
2020-12-30 08:57:41,514 - IRCServer[8072] - INFO - Launching client samgamgee@windows1...
2020-12-30 08:57:42,529 - IRCServer[8072] - INFO - Launching client merrybrandybuck@Windows3...
2020-12-30 08:57:46,534 - IRCServer[8072] - INFO - Launching server theshire.nz...
2020-12-30 08:57:46,535 - IRCServer[8072] - INFO - Configuring the server socket...
2020-12-30 08:57:46,535 - IRCServer[8072] - DEBUG - Listening for new connections on port 6213
2020-12-30 08:57:47,036 - IRCServer[8072] - INFO - Launching client samgamgee@windows1...
2020-12-30 08:57:47,538 - IRCServer[8072] - INFO - Launching client frodobaggins@BrandyHall...
2020-12-30 08:57:48,047 - IRCServer[8072] - INFO - Launching client pippintook@Windows3...
2020-12-30 08:57:48,547 - IRCServer[8072] - INFO - Launching client merrybrandybuck@Windows3...
2020-12-30 08:57:52,052 - IRCServer[8072] - INFO - Launching server theshire.nz...
2020-12-30 08:57:52,053 - IRCServer[8072] - INFO - Configuring the server socket...
2020-12-30 08:57:52,053 - IRCServer[8072] - DEBUG - Listening for new connections on port 5674
2020-12-30 08:57:52,554 - IRCServer[8072] - INFO - Launching server rivendale.nz...
2020-12-30 08:57:52,556 - IRCServer[8072] - INFO - Configuring the server socket...
2020-12-30 08:57:52,558 - IRCServer[8072] - INFO - Connecting to remote server theshire.nz:5674...
2020-12-30 08:57:52,559 - IRCServer[8072] - DEBUG - Listening for new connections on port 2235
2020-12-30 08:57:53,079 - IRCServer[8072] - INFO - Launching server minastirith.nz...
2020-12-30 08:57:53,362 - IRCServer[8072] - INFO - Configuring the server socket...
2020-12-30 08:57:53,455 - IRCServer[8072] - INFO - Connecting to remote server theshire.nz:5674...
2020-12-30 08:57:53,514 - IRCServer[8072] - DEBUG - Listening for new connections on port 7532
2020-12-30 08:57:53,597 - IRCServer[8072] - INFO - Launching client samgamgee@windows1...
2020-12-30 08:57:54,630 - IRCServer[8072] - INFO - Launching client elrond@windows1...
2020-12-30 08:57:55,663 - IRCServer[8072] - INFO - Launching client frodobaggins@BrandyHall...
2020-12-30 08:57:56,673 - IRCServer[8072] - INFO - Launching client pippintook@Windows3...
2020-12-30 08:57:57,683 - IRCServer[8072] - INFO - Launching client denethor@windows1...
2020-12-30 08:57:58,746 - IRCServer[8072] - INFO - Launching client aragorn@windows1...
2020-12-30 08:57:59,752 - IRCServer[8072] - INFO - Launching client merrybrandybuck@Windows3...
